<?xml version="1.0" encoding="UTF-8"?>
<!-- Generated by org.testng.reporters.JUnitReportReporter -->
<testsuite hostname="MacBookAir.lan" failures="0" tests="1" name="Projects.GoogleTest" time="1.596" errors="0" timestamp="2025-08-20T12:18:19 IST" skipped="0">
  <testcase classname="Projects.GoogleTest" name="testgoogleTitile" time="1.596"/>
</testsuite> <!-- Projects.GoogleTest -->
