<?xml version="1.0" encoding="UTF-8"?>
<!-- Generated by org.testng.reporters.JUnitReportReporter -->
<testsuite hostname="MacBookAir.lan" failures="0" tests="2" name="Projects.RetriableDataProviderSample" time="0.019" errors="0" timestamp="2025-08-21T09:38:08 IST" skipped="0">
  <testcase classname="Projects.RetriableDataProviderSample" name="sampleTestMethod" time="0.017"/>
  <testcase classname="Projects.RetriableDataProviderSample" name="sampleTestMethod" time="0.002"/>
</testsuite> <!-- Projects.RetriableDataProviderSample -->
